<?xml version="1.0" encoding="UTF-8"?>
<!-- Generated by org.testng.reporters.JUnitReportReporter -->
<testsuite hostname="DESKTOP-9GE1TC7" failures="0" tests="1" name="demo.SQL" time="18.395" errors="0" timestamp="2023-06-01T07:48:29 IST" skipped="0">
  <testcase classname="demo.SQL" name="openSQLCourse" time="18.395"/>
</testsuite> <!-- demo.SQL -->
